2019-03-22 12:24:00  [ main:0 ] - [ INFO ]  Supplied authorities: 10.244.11.226:10000
2019-03-22 12:24:00  [ main:16 ] - [ INFO ]  Resolved authority: 10.244.11.226:10000
2019-03-22 12:24:00  [ main:546 ] - [ INFO ]  Will try to open client transport with JDBC Uri: jdbc:hive2://10.244.11.226:10000/opdw4_226
2019-03-22 12:27:43  [ main:0 ] - [ INFO ]  Supplied authorities: 192.168.2.114:10000
2019-03-22 12:27:43  [ main:0 ] - [ INFO ]  Resolved authority: 192.168.2.114:10000
2019-03-22 12:27:43  [ main:78 ] - [ INFO ]  Will try to open client transport with JDBC Uri: jdbc:hive2://192.168.2.114:10000/zba_dwa
2019-03-22 12:27:44  [ main:1123 ] - [ INFO ]  Could not open client transport with JDBC Uri: jdbc:hive2://192.168.2.114:10000/zba_dwa
2019-03-22 12:27:44  [ main:1123 ] - [ INFO ]  this is my message:
2019-03-22 12:28:19  [ main:0 ] - [ INFO ]  Supplied authorities: 192.168.2.114:10000
2019-03-22 12:28:19  [ main:0 ] - [ INFO ]  Resolved authority: 192.168.2.114:10000
2019-03-22 12:28:19  [ main:78 ] - [ INFO ]  Will try to open client transport with JDBC Uri: jdbc:hive2://192.168.2.114:10000/zba_dwa
2019-03-22 12:28:20  [ main:1107 ] - [ INFO ]  Could not open client transport with JDBC Uri: jdbc:hive2://192.168.2.114:10000/zba_dwa
2019-03-22 12:28:20  [ main:1107 ] - [ INFO ]  this is my message:
2019-03-22 12:28:43  [ main:0 ] - [ INFO ]  Supplied authorities: 192.168.2.114:10000
2019-03-22 12:28:43  [ main:0 ] - [ INFO ]  Resolved authority: 192.168.2.114:10000
2019-03-22 12:28:43  [ main:94 ] - [ INFO ]  Will try to open client transport with JDBC Uri: jdbc:hive2://192.168.2.114:10000/zba_dwa
2019-03-22 12:28:43  [ main:265 ] - [ INFO ]  this is my message:
2019-03-22 12:29:43  [ main:60051 ] - [ INFO ]  网贷app(日)：
2019-03-22 12:29:43  [ main:60222 ] - [ INFO ]  马上有钱   1  201902    07
2019-03-22 12:29:43  [ main:60222 ] - [ INFO ]  闪电贷   1  201902    07
2019-03-22 12:29:43  [ main:60222 ] - [ INFO ]  速借白条   1  201902    07
2019-03-22 12:29:43  [ main:60222 ] - [ INFO ]  贷款大师   1  201902    07
2019-03-22 12:29:43  [ main:60222 ] - [ INFO ]  诺秒贷借款   1  201902    07
2019-03-22 12:29:43  [ main:60222 ] - [ INFO ]  秒下钱包   1  201902    07
2019-03-22 12:29:43  [ main:60222 ] - [ INFO ]  现金借贷   1  201902    07
2019-03-22 12:29:43  [ main:60222 ] - [ INFO ]  玖富万卡   1  201902    07
2019-03-22 12:29:43  [ main:60222 ] - [ INFO ]  猫粒贷贷款   1  201902    07
2019-03-22 12:29:43  [ main:60222 ] - [ INFO ]  捷信金融   1  201902    07
2019-03-22 12:29:43  [ main:60222 ] - [ INFO ]  小葱钱包   1  201902    07
2019-03-22 12:29:43  [ main:60222 ] - [ INFO ]  小妹钱包   1  201902    07
2019-03-22 12:29:43  [ main:60222 ] - [ INFO ]  宜人贷借款   1  201902    07
2019-03-22 12:29:43  [ main:60222 ] - [ INFO ]  大白贷款   1  201902    07
2019-03-22 12:29:43  [ main:60222 ] - [ INFO ]  向上金服   1  201902    07
2019-03-22 12:29:43  [ main:60222 ] - [ INFO ]  代帮主借款   1  201902    07
2019-03-22 12:29:43  [ main:60222 ] - [ INFO ]  中原消费金融   1  201902    07
2019-03-22 12:29:43  [ main:60238 ] - [ INFO ]  51立即贷   1  201902    07
2019-03-22 12:29:43  [ main:60238 ] - [ INFO ]  360借条   1  201902    07
2019-03-22 12:29:43  [ main:60238 ] - [ INFO ]  程序运行时间：59973ms
2019-03-22 12:29:43  [ main:60238 ] - [ INFO ]  

2019-03-22 12:30:41  [ main:117708 ] - [ INFO ]  pos机app(日)：
2019-03-22 12:30:41  [ main:117724 ] - [ INFO ]  随行付Plus   1  201902    07
2019-03-22 12:30:41  [ main:117740 ] - [ INFO ]  闪POS管家   1  201902    07
2019-03-22 12:30:41  [ main:117740 ] - [ INFO ]  银联商务   1  201902    07
2019-03-22 12:30:41  [ main:117740 ] - [ INFO ]  银嘉钱包   1  201902    07
2019-03-22 12:30:41  [ main:117740 ] - [ INFO ]  进件宝   1  201902    07
2019-03-22 12:30:41  [ main:117740 ] - [ INFO ]  菜付mPOS   1  201902    07
2019-03-22 12:30:41  [ main:117740 ] - [ INFO ]  至尊宝支付   1  201902    07
2019-03-22 12:30:41  [ main:117740 ] - [ INFO ]  联动掌财   1  201902    07
2019-03-22 12:30:41  [ main:117740 ] - [ INFO ]  立刷   1  201902    07
2019-03-22 12:30:41  [ main:117740 ] - [ INFO ]  移动手机POS机网   1  201902    07
2019-03-22 12:30:41  [ main:117740 ] - [ INFO ]  盛迪嘉钱包   1  201902    07
2019-03-22 12:30:41  [ main:117740 ] - [ INFO ]  盛POS   1  201902    07
2019-03-22 12:30:41  [ main:117740 ] - [ INFO ]  澳维拉支付   1  201902    07
2019-03-22 12:30:41  [ main:117740 ] - [ INFO ]  河马金信   1  201902    07
2019-03-22 12:30:41  [ main:117740 ] - [ INFO ]  汇花收银台   1  201902    07
2019-03-22 12:30:41  [ main:117740 ] - [ INFO ]  星POS管家   1  201902    07
2019-03-22 12:30:41  [ main:117740 ] - [ INFO ]  慧掌柜   1  201902    07
2019-03-22 12:30:41  [ main:117740 ] - [ INFO ]  得宝理财旗舰版   2  201902    07
2019-03-22 12:30:41  [ main:117755 ] - [ INFO ]  宝POS   1  201902    07
2019-03-22 12:30:41  [ main:117755 ] - [ INFO ]  威士金融   2  201902    07
2019-03-22 12:30:41  [ main:117755 ] - [ INFO ]  坤诩钱包   1  201902    07
2019-03-22 12:30:41  [ main:117755 ] - [ INFO ]  喔刷2018   2  201902    07
2019-03-22 12:30:41  [ main:117755 ] - [ INFO ]  和付   2  201902    07
2019-03-22 12:30:41  [ main:117755 ] - [ INFO ]  华商支付POS   1  201902    07
2019-03-22 12:30:41  [ main:117755 ] - [ INFO ]  全民付   1  201902    07
2019-03-22 12:30:41  [ main:117755 ] - [ INFO ]  亿米   1  201902    07
2019-03-22 12:30:41  [ main:117755 ] - [ INFO ]  亮展金融   1  201902    07
2019-03-22 12:30:41  [ main:117755 ] - [ INFO ]  乐收银   1  201902    07
2019-03-22 12:30:41  [ main:117755 ] - [ INFO ]  乐富通   2  201902    07
2019-03-22 12:30:41  [ main:117755 ] - [ INFO ]  Happy Pay   1  201902    07
2019-03-22 12:30:41  [ main:117755 ] - [ INFO ]  HRT Payment融e支付   2  201902    07
2019-03-22 12:30:41  [ main:117755 ] - [ INFO ]  365钱包   1  201902    07
2019-03-22 12:30:41  [ main:117755 ] - [ INFO ]  程序运行时间：57486ms
2019-03-22 12:30:41  [ main:117755 ] - [ INFO ]  

2019-03-22 12:31:37  [ main:173744 ] - [ INFO ]  网贷app(月)：
2019-03-22 12:31:37  [ main:173759 ] - [ INFO ]  贷款有钱花   1  201902
2019-03-22 12:31:37  [ main:173759 ] - [ INFO ]  淘淘贷   1  201902
2019-03-22 12:31:37  [ main:173759 ] - [ INFO ]  借款钱包   1  201902
2019-03-22 12:31:37  [ main:173759 ] - [ INFO ]  360借条   2  201902
2019-03-22 12:31:37  [ main:173759 ] - [ INFO ]  程序运行时间：55988ms
2019-03-22 12:31:37  [ main:173759 ] - [ INFO ]  

2019-03-22 12:32:31  [ main:228391 ] - [ INFO ]  pos机app(月)：
2019-03-22 12:32:31  [ main:228391 ] - [ INFO ]  钱喵喵   1  201902
2019-03-22 12:32:31  [ main:228391 ] - [ INFO ]  进件宝   1  201902
2019-03-22 12:32:31  [ main:228406 ] - [ INFO ]  联付天下   1  201902
2019-03-22 12:32:31  [ main:228406 ] - [ INFO ]  盛迪嘉钱包   1  201902
2019-03-22 12:32:31  [ main:228406 ] - [ INFO ]  收银机   1  201902
2019-03-22 12:32:31  [ main:228406 ] - [ INFO ]  快支付   1  201902
2019-03-22 12:32:31  [ main:228406 ] - [ INFO ]  乐刷收款宝   1  201902
2019-03-22 12:32:31  [ main:228406 ] - [ INFO ]  程序运行时间：54631ms
2019-03-22 12:32:31  [ main:228406 ] - [ INFO ]  

2019-03-22 12:33:23  [ main:279560 ] - [ INFO ]  日总app数：
2019-03-22 12:33:23  [ main:279560 ] - [ INFO ]  57  201902   07
2019-03-22 12:34:17  [ main:333802 ] - [ INFO ]  月总app数：
2019-03-22 12:34:17  [ main:333817 ] - [ INFO ]  62 201902
